[debug] [2020-04-17T19:55:48.075Z] ----------------------------------------------------------------------
[debug] [2020-04-17T19:55:48.077Z] Command:       C:\Program Files\nodejs\node.exe C:\Users\Skadi\AppData\Roaming\npm\node_modules\firebase-tools\lib\bin\firebase.js deploy --only functions
[debug] [2020-04-17T19:55:48.077Z] CLI Version:   8.1.0
[debug] [2020-04-17T19:55:48.077Z] Platform:      win32
[debug] [2020-04-17T19:55:48.077Z] Node Version:  v12.16.1
[debug] [2020-04-17T19:55:48.078Z] Time:          Fri Apr 17 2020 21:55:48 GMT+0200 (Central European Summer Time)
[debug] [2020-04-17T19:55:48.078Z] ----------------------------------------------------------------------
[debug] [2020-04-17T19:55:48.079Z] 
[debug] [2020-04-17T19:55:48.087Z] > command requires scopes: ["email","openid","https://www.googleapis.com/auth/cloudplatformprojects.readonly","https://www.googleapis.com/auth/firebase","https://www.googleapis.com/auth/cloud-platform"]
[debug] [2020-04-17T19:55:48.087Z] > authorizing via signed-in user
[debug] [2020-04-17T19:55:48.088Z] [iam] checking project truck-dispatcher-6050d for permissions ["cloudfunctions.functions.create","cloudfunctions.functions.delete","cloudfunctions.functions.get","cloudfunctions.functions.list","cloudfunctions.functions.update","cloudfunctions.operations.get","firebase.projects.get"]
[debug] [2020-04-17T19:55:48.092Z] >>> HTTP REQUEST POST https://cloudresourcemanager.googleapis.com/v1/projects/truck-dispatcher-6050d:testIamPermissions  
 {"permissions":["cloudfunctions.functions.create","cloudfunctions.functions.delete","cloudfunctions.functions.get","cloudfunctions.functions.list","cloudfunctions.functions.update","cloudfunctions.operations.get","firebase.projects.get"]}
[debug] [2020-04-17T19:55:49.133Z] <<< HTTP RESPONSE 200 {"content-type":"application/json; charset=UTF-8","vary":"X-Origin, Referer, Origin,Accept-Encoding","date":"Fri, 17 Apr 2020 19:55:47 GMT","server":"ESF","cache-control":"private","x-xss-protection":"0","x-frame-options":"SAMEORIGIN","x-content-type-options":"nosniff","server-timing":"gfet4t7; dur=907","alt-svc":"quic=\":443\"; ma=2592000; v=\"46,43\",h3-Q050=\":443\"; ma=2592000,h3-Q049=\":443\"; ma=2592000,h3-Q048=\":443\"; ma=2592000,h3-Q046=\":443\"; ma=2592000,h3-Q043=\":443\"; ma=2592000,h3-T050=\":443\"; ma=2592000","accept-ranges":"none","transfer-encoding":"chunked"}
[debug] [2020-04-17T19:55:49.134Z] >>> HTTP REQUEST POST https://iam.googleapis.com/v1/projects/truck-dispatcher-6050d/serviceAccounts/truck-dispatcher-6050d@appspot.gserviceaccount.com:testIamPermissions  
 {"permissions":["iam.serviceAccounts.actAs"]}
[debug] [2020-04-17T19:55:50.672Z] <<< HTTP RESPONSE 200 {"content-type":"application/json; charset=UTF-8","vary":"X-Origin, Referer, Origin,Accept-Encoding","date":"Fri, 17 Apr 2020 19:55:49 GMT","server":"ESF","cache-control":"private","x-xss-protection":"0","x-frame-options":"SAMEORIGIN","x-content-type-options":"nosniff","alt-svc":"quic=\":443\"; ma=2592000; v=\"46,43\",h3-Q050=\":443\"; ma=2592000,h3-Q049=\":443\"; ma=2592000,h3-Q048=\":443\"; ma=2592000,h3-Q046=\":443\"; ma=2592000,h3-Q043=\":443\"; ma=2592000,h3-T050=\":443\"; ma=2592000","accept-ranges":"none","transfer-encoding":"chunked"}
[info] 
[info] === Deploying to 'truck-dispatcher-6050d'...
[info] 
[info] i  deploying functions
[debug] [2020-04-17T19:55:53.679Z] > [functions] package.json contents: {
  "name": "functions",
  "description": "Cloud Functions for Firebase",
  "scripts": {
    "serve": "firebase emulators:start --only functions",
    "shell": "firebase functions:shell",
    "start": "npm run shell",
    "deploy": "firebase deploy --only functions",
    "logs": "firebase functions:log"
  },
  "engines": {
    "node": "8"
  },
  "dependencies": {
    "algoliasearch": "^4.1.0",
    "firebase-admin": "^8.10.0",
    "firebase-functions": "^3.6.0"
  },
  "devDependencies": {
    "firebase-functions-test": "^0.2.0"
  },
  "private": true
}
[debug] [2020-04-17T19:55:53.836Z] Error: ENOENT: no such file or directory, stat 'functions\package.json'
    at Object.statSync (fs.js:932:3)
    at Object.load (C:\Users\Skadi\AppData\Roaming\npm\node_modules\firebase-tools\node_modules\cjson\index.js:200:12)
    at getRuntimeChoice (C:\Users\Skadi\AppData\Roaming\npm\node_modules\firebase-tools\lib\parseRuntimeAndValidateSDK.js:55:26)
    at module.exports (C:\Users\Skadi\AppData\Roaming\npm\node_modules\firebase-tools\lib\deploy\functions\prepare.js:26:29)
    at _chain (C:\Users\Skadi\AppData\Roaming\npm\node_modules\firebase-tools\lib\deploy\index.js:22:40)
    at C:\Users\Skadi\AppData\Roaming\npm\node_modules\firebase-tools\lib\deploy\index.js:63:16
    at processTicksAndRejections (internal/process/task_queues.js:97:5)
[error] 
[error] Error: An unexpected error has occurred.
[debug] [2020-04-17T20:12:15.819Z] ----------------------------------------------------------------------
[debug] [2020-04-17T20:12:15.821Z] Command:       C:\Program Files\nodejs\node.exe C:\Users\Skadi\AppData\Roaming\npm\node_modules\firebase-tools\lib\bin\firebase.js deploy --only functions
[debug] [2020-04-17T20:12:15.821Z] CLI Version:   8.1.0
[debug] [2020-04-17T20:12:15.821Z] Platform:      win32
[debug] [2020-04-17T20:12:15.821Z] Node Version:  v12.16.1
[debug] [2020-04-17T20:12:15.822Z] Time:          Fri Apr 17 2020 22:12:15 GMT+0200 (Central European Summer Time)
[debug] [2020-04-17T20:12:15.822Z] ----------------------------------------------------------------------
[debug] [2020-04-17T20:12:15.822Z] 
[debug] [2020-04-17T20:12:15.831Z] > command requires scopes: ["email","openid","https://www.googleapis.com/auth/cloudplatformprojects.readonly","https://www.googleapis.com/auth/firebase","https://www.googleapis.com/auth/cloud-platform"]
[debug] [2020-04-17T20:12:15.832Z] > authorizing via signed-in user
[debug] [2020-04-17T20:12:15.832Z] [iam] checking project truck-dispatcher-6050d for permissions ["cloudfunctions.functions.create","cloudfunctions.functions.delete","cloudfunctions.functions.get","cloudfunctions.functions.list","cloudfunctions.functions.update","cloudfunctions.operations.get","firebase.projects.get"]
[debug] [2020-04-17T20:12:15.835Z] > refreshing access token with scopes: ["email","https://www.googleapis.com/auth/cloud-platform","https://www.googleapis.com/auth/cloudplatformprojects.readonly","https://www.googleapis.com/auth/firebase","openid"]
[debug] [2020-04-17T20:12:15.835Z] >>> HTTP REQUEST POST https://www.googleapis.com/oauth2/v3/token  
 <request body omitted>
[debug] [2020-04-17T20:12:16.045Z] <<< HTTP RESPONSE 200 {"content-type":"application/json; charset=utf-8","vary":"X-Origin, Referer, Origin,Accept-Encoding","date":"Fri, 17 Apr 2020 20:12:14 GMT","server":"scaffolding on HTTPServer2","cache-control":"private","x-xss-protection":"0","x-frame-options":"SAMEORIGIN","x-content-type-options":"nosniff","alt-svc":"quic=\":443\"; ma=2592000; v=\"46,43\",h3-Q050=\":443\"; ma=2592000,h3-Q049=\":443\"; ma=2592000,h3-Q048=\":443\"; ma=2592000,h3-Q046=\":443\"; ma=2592000,h3-Q043=\":443\"; ma=2592000,h3-T050=\":443\"; ma=2592000","accept-ranges":"none","transfer-encoding":"chunked"}
[debug] [2020-04-17T20:12:16.060Z] >>> HTTP REQUEST POST https://cloudresourcemanager.googleapis.com/v1/projects/truck-dispatcher-6050d:testIamPermissions  
 {"permissions":["cloudfunctions.functions.create","cloudfunctions.functions.delete","cloudfunctions.functions.get","cloudfunctions.functions.list","cloudfunctions.functions.update","cloudfunctions.operations.get","firebase.projects.get"]}
[debug] [2020-04-17T20:12:17.074Z] <<< HTTP RESPONSE 200 {"content-type":"application/json; charset=UTF-8","vary":"X-Origin, Referer, Origin,Accept-Encoding","date":"Fri, 17 Apr 2020 20:12:15 GMT","server":"ESF","cache-control":"private","x-xss-protection":"0","x-frame-options":"SAMEORIGIN","x-content-type-options":"nosniff","server-timing":"gfet4t7; dur=904","alt-svc":"quic=\":443\"; ma=2592000; v=\"46,43\",h3-Q050=\":443\"; ma=2592000,h3-Q049=\":443\"; ma=2592000,h3-Q048=\":443\"; ma=2592000,h3-Q046=\":443\"; ma=2592000,h3-Q043=\":443\"; ma=2592000,h3-T050=\":443\"; ma=2592000","accept-ranges":"none","transfer-encoding":"chunked"}
[debug] [2020-04-17T20:12:17.077Z] >>> HTTP REQUEST POST https://iam.googleapis.com/v1/projects/truck-dispatcher-6050d/serviceAccounts/truck-dispatcher-6050d@appspot.gserviceaccount.com:testIamPermissions  
 {"permissions":["iam.serviceAccounts.actAs"]}
[debug] [2020-04-17T20:12:18.285Z] <<< HTTP RESPONSE 200 {"content-type":"application/json; charset=UTF-8","vary":"X-Origin, Referer, Origin,Accept-Encoding","date":"Fri, 17 Apr 2020 20:12:16 GMT","server":"ESF","cache-control":"private","x-xss-protection":"0","x-frame-options":"SAMEORIGIN","x-content-type-options":"nosniff","alt-svc":"quic=\":443\"; ma=2592000; v=\"46,43\",h3-Q050=\":443\"; ma=2592000,h3-Q049=\":443\"; ma=2592000,h3-Q048=\":443\"; ma=2592000,h3-Q046=\":443\"; ma=2592000,h3-Q043=\":443\"; ma=2592000,h3-T050=\":443\"; ma=2592000","accept-ranges":"none","transfer-encoding":"chunked"}
[info] 
[info] === Deploying to 'truck-dispatcher-6050d'...
[info] 
[info] i  deploying functions
[debug] [2020-04-17T20:12:21.149Z] > [functions] package.json contents: {
  "name": "functions",
  "description": "Cloud Functions for Firebase",
  "scripts": {
    "serve": "firebase emulators:start --only functions",
    "shell": "firebase functions:shell",
    "start": "npm run shell",
    "deploy": "firebase deploy --only functions",
    "logs": "firebase functions:log"
  },
  "engines": {
    "node": "8"
  },
  "dependencies": {
    "algoliasearch": "^4.1.0",
    "firebase-admin": "^8.10.0",
    "firebase-functions": "^3.6.0"
  },
  "devDependencies": {
    "firebase-functions-test": "^0.2.0"
  },
  "private": true
}
[debug] [2020-04-17T20:12:21.311Z] Error: ENOENT: no such file or directory, stat 'functions\package.json'
    at Object.statSync (fs.js:932:3)
    at Object.load (C:\Users\Skadi\AppData\Roaming\npm\node_modules\firebase-tools\node_modules\cjson\index.js:200:12)
    at getRuntimeChoice (C:\Users\Skadi\AppData\Roaming\npm\node_modules\firebase-tools\lib\parseRuntimeAndValidateSDK.js:55:26)
    at module.exports (C:\Users\Skadi\AppData\Roaming\npm\node_modules\firebase-tools\lib\deploy\functions\prepare.js:26:29)
    at _chain (C:\Users\Skadi\AppData\Roaming\npm\node_modules\firebase-tools\lib\deploy\index.js:22:40)
    at C:\Users\Skadi\AppData\Roaming\npm\node_modules\firebase-tools\lib\deploy\index.js:63:16
    at processTicksAndRejections (internal/process/task_queues.js:97:5)
[error] 
[error] Error: An unexpected error has occurred.
[debug] [2020-04-17T20:33:15.452Z] ----------------------------------------------------------------------
[debug] [2020-04-17T20:33:15.454Z] Command:       C:\Program Files\nodejs\node.exe C:\Users\Skadi\AppData\Roaming\npm\node_modules\firebase-tools\lib\bin\firebase.js deploy
[debug] [2020-04-17T20:33:15.454Z] CLI Version:   8.1.0
[debug] [2020-04-17T20:33:15.454Z] Platform:      win32
[debug] [2020-04-17T20:33:15.454Z] Node Version:  v12.16.1
[debug] [2020-04-17T20:33:15.455Z] Time:          Fri Apr 17 2020 22:33:15 GMT+0200 (Central European Summer Time)
[debug] [2020-04-17T20:33:15.455Z] ----------------------------------------------------------------------
[debug] [2020-04-17T20:33:15.456Z] 
[debug] [2020-04-17T20:33:15.464Z] > command requires scopes: ["email","openid","https://www.googleapis.com/auth/cloudplatformprojects.readonly","https://www.googleapis.com/auth/firebase","https://www.googleapis.com/auth/cloud-platform"]
[debug] [2020-04-17T20:33:15.464Z] > authorizing via signed-in user
[debug] [2020-04-17T20:33:15.464Z] [iam] checking project truck-dispatcher-6050d for permissions ["cloudfunctions.functions.create","cloudfunctions.functions.delete","cloudfunctions.functions.get","cloudfunctions.functions.list","cloudfunctions.functions.update","cloudfunctions.operations.get","firebase.projects.get","firebasehosting.sites.update"]
[debug] [2020-04-17T20:33:15.469Z] >>> HTTP REQUEST POST https://cloudresourcemanager.googleapis.com/v1/projects/truck-dispatcher-6050d:testIamPermissions  
 {"permissions":["cloudfunctions.functions.create","cloudfunctions.functions.delete","cloudfunctions.functions.get","cloudfunctions.functions.list","cloudfunctions.functions.update","cloudfunctions.operations.get","firebase.projects.get","firebasehosting.sites.update"]}
[debug] [2020-04-17T20:33:16.546Z] <<< HTTP RESPONSE 200 {"content-type":"application/json; charset=UTF-8","vary":"X-Origin, Referer, Origin,Accept-Encoding","date":"Fri, 17 Apr 2020 20:33:15 GMT","server":"ESF","cache-control":"private","x-xss-protection":"0","x-frame-options":"SAMEORIGIN","x-content-type-options":"nosniff","server-timing":"gfet4t7; dur=896","alt-svc":"quic=\":443\"; ma=2592000; v=\"46,43\",h3-Q050=\":443\"; ma=2592000,h3-Q049=\":443\"; ma=2592000,h3-Q048=\":443\"; ma=2592000,h3-Q046=\":443\"; ma=2592000,h3-Q043=\":443\"; ma=2592000,h3-T050=\":443\"; ma=2592000","accept-ranges":"none","transfer-encoding":"chunked"}
[debug] [2020-04-17T20:33:16.549Z] >>> HTTP REQUEST POST https://iam.googleapis.com/v1/projects/truck-dispatcher-6050d/serviceAccounts/truck-dispatcher-6050d@appspot.gserviceaccount.com:testIamPermissions  
 {"permissions":["iam.serviceAccounts.actAs"]}
[debug] [2020-04-17T20:33:17.812Z] <<< HTTP RESPONSE 200 {"content-type":"application/json; charset=UTF-8","vary":"X-Origin, Referer, Origin,Accept-Encoding","date":"Fri, 17 Apr 2020 20:33:16 GMT","server":"ESF","cache-control":"private","x-xss-protection":"0","x-frame-options":"SAMEORIGIN","x-content-type-options":"nosniff","alt-svc":"quic=\":443\"; ma=2592000; v=\"46,43\",h3-Q050=\":443\"; ma=2592000,h3-Q049=\":443\"; ma=2592000,h3-Q048=\":443\"; ma=2592000,h3-Q046=\":443\"; ma=2592000,h3-Q043=\":443\"; ma=2592000,h3-T050=\":443\"; ma=2592000","accept-ranges":"none","transfer-encoding":"chunked"}
[debug] [2020-04-17T20:33:17.813Z] >>> HTTP REQUEST GET https://firebase.googleapis.com/v1beta1/projects/truck-dispatcher-6050d  
 
[debug] [2020-04-17T20:33:18.174Z] <<< HTTP RESPONSE 200 {"content-type":"application/json; charset=UTF-8","vary":"X-Origin, Referer, Origin,Accept-Encoding","date":"Fri, 17 Apr 2020 20:33:16 GMT","server":"ESF","cache-control":"private","x-xss-protection":"0","x-frame-options":"SAMEORIGIN","x-content-type-options":"nosniff","alt-svc":"quic=\":443\"; ma=2592000; v=\"46,43\",h3-Q050=\":443\"; ma=2592000,h3-Q049=\":443\"; ma=2592000,h3-Q048=\":443\"; ma=2592000,h3-Q046=\":443\"; ma=2592000,h3-Q043=\":443\"; ma=2592000,h3-T050=\":443\"; ma=2592000","accept-ranges":"none","transfer-encoding":"chunked"}
[info] 
[info] === Deploying to 'truck-dispatcher-6050d'...
[info] 
[info] i  deploying functions, hosting
[debug] [2020-04-17T20:33:21.282Z] > [functions] package.json contents: {
  "name": "functions",
  "description": "Cloud Functions for Firebase",
  "scripts": {
    "serve": "firebase emulators:start --only functions",
    "shell": "firebase functions:shell",
    "start": "npm run shell",
    "deploy": "firebase deploy --only functions",
    "logs": "firebase functions:log"
  },
  "engines": {
    "node": "8"
  },
  "dependencies": {
    "algoliasearch": "^4.1.0",
    "firebase": "^7.14.1",
    "firebase-admin": "^8.10.0",
    "firebase-functions": "^3.6.0",
    "promise": "^8.1.0"
  },
  "devDependencies": {
    "firebase-functions-test": "^0.2.0"
  },
  "private": true
}
[debug] [2020-04-17T20:33:21.445Z] Error: ENOENT: no such file or directory, stat 'functions\package.json'
    at Object.statSync (fs.js:932:3)
    at Object.load (C:\Users\Skadi\AppData\Roaming\npm\node_modules\firebase-tools\node_modules\cjson\index.js:200:12)
    at getRuntimeChoice (C:\Users\Skadi\AppData\Roaming\npm\node_modules\firebase-tools\lib\parseRuntimeAndValidateSDK.js:55:26)
    at module.exports (C:\Users\Skadi\AppData\Roaming\npm\node_modules\firebase-tools\lib\deploy\functions\prepare.js:26:29)
    at _chain (C:\Users\Skadi\AppData\Roaming\npm\node_modules\firebase-tools\lib\deploy\index.js:22:40)
    at C:\Users\Skadi\AppData\Roaming\npm\node_modules\firebase-tools\lib\deploy\index.js:63:16
    at processTicksAndRejections (internal/process/task_queues.js:97:5)
[error] 
[error] Error: An unexpected error has occurred.
[debug] [2020-04-17T20:33:28.371Z] ----------------------------------------------------------------------
[debug] [2020-04-17T20:33:28.373Z] Command:       C:\Program Files\nodejs\node.exe C:\Users\Skadi\AppData\Roaming\npm\node_modules\firebase-tools\lib\bin\firebase.js deploy --only functions
[debug] [2020-04-17T20:33:28.373Z] CLI Version:   8.1.0
[debug] [2020-04-17T20:33:28.373Z] Platform:      win32
[debug] [2020-04-17T20:33:28.373Z] Node Version:  v12.16.1
[debug] [2020-04-17T20:33:28.374Z] Time:          Fri Apr 17 2020 22:33:28 GMT+0200 (Central European Summer Time)
[debug] [2020-04-17T20:33:28.374Z] ----------------------------------------------------------------------
[debug] [2020-04-17T20:33:28.374Z] 
[debug] [2020-04-17T20:33:28.384Z] > command requires scopes: ["email","openid","https://www.googleapis.com/auth/cloudplatformprojects.readonly","https://www.googleapis.com/auth/firebase","https://www.googleapis.com/auth/cloud-platform"]
[debug] [2020-04-17T20:33:28.385Z] > authorizing via signed-in user
[debug] [2020-04-17T20:33:28.386Z] [iam] checking project truck-dispatcher-6050d for permissions ["cloudfunctions.functions.create","cloudfunctions.functions.delete","cloudfunctions.functions.get","cloudfunctions.functions.list","cloudfunctions.functions.update","cloudfunctions.operations.get","firebase.projects.get"]
[debug] [2020-04-17T20:33:28.389Z] >>> HTTP REQUEST POST https://cloudresourcemanager.googleapis.com/v1/projects/truck-dispatcher-6050d:testIamPermissions  
 {"permissions":["cloudfunctions.functions.create","cloudfunctions.functions.delete","cloudfunctions.functions.get","cloudfunctions.functions.list","cloudfunctions.functions.update","cloudfunctions.operations.get","firebase.projects.get"]}
[debug] [2020-04-17T20:33:29.406Z] <<< HTTP RESPONSE 200 {"content-type":"application/json; charset=UTF-8","vary":"X-Origin, Referer, Origin,Accept-Encoding","date":"Fri, 17 Apr 2020 20:33:28 GMT","server":"ESF","cache-control":"private","x-xss-protection":"0","x-frame-options":"SAMEORIGIN","x-content-type-options":"nosniff","server-timing":"gfet4t7; dur=887","alt-svc":"quic=\":443\"; ma=2592000; v=\"46,43\",h3-Q050=\":443\"; ma=2592000,h3-Q049=\":443\"; ma=2592000,h3-Q048=\":443\"; ma=2592000,h3-Q046=\":443\"; ma=2592000,h3-Q043=\":443\"; ma=2592000,h3-T050=\":443\"; ma=2592000","accept-ranges":"none","transfer-encoding":"chunked"}
[debug] [2020-04-17T20:33:29.408Z] >>> HTTP REQUEST POST https://iam.googleapis.com/v1/projects/truck-dispatcher-6050d/serviceAccounts/truck-dispatcher-6050d@appspot.gserviceaccount.com:testIamPermissions  
 {"permissions":["iam.serviceAccounts.actAs"]}
[debug] [2020-04-17T20:33:30.607Z] <<< HTTP RESPONSE 200 {"content-type":"application/json; charset=UTF-8","vary":"X-Origin, Referer, Origin,Accept-Encoding","date":"Fri, 17 Apr 2020 20:33:29 GMT","server":"ESF","cache-control":"private","x-xss-protection":"0","x-frame-options":"SAMEORIGIN","x-content-type-options":"nosniff","alt-svc":"quic=\":443\"; ma=2592000; v=\"46,43\",h3-Q050=\":443\"; ma=2592000,h3-Q049=\":443\"; ma=2592000,h3-Q048=\":443\"; ma=2592000,h3-Q046=\":443\"; ma=2592000,h3-Q043=\":443\"; ma=2592000,h3-T050=\":443\"; ma=2592000","accept-ranges":"none","transfer-encoding":"chunked"}
[info] 
[info] === Deploying to 'truck-dispatcher-6050d'...
[info] 
[info] i  deploying functions
[debug] [2020-04-17T20:33:33.635Z] > [functions] package.json contents: {
  "name": "functions",
  "description": "Cloud Functions for Firebase",
  "scripts": {
    "serve": "firebase emulators:start --only functions",
    "shell": "firebase functions:shell",
    "start": "npm run shell",
    "deploy": "firebase deploy --only functions",
    "logs": "firebase functions:log"
  },
  "engines": {
    "node": "8"
  },
  "dependencies": {
    "algoliasearch": "^4.1.0",
    "firebase": "^7.14.1",
    "firebase-admin": "^8.10.0",
    "firebase-functions": "^3.6.0",
    "promise": "^8.1.0"
  },
  "devDependencies": {
    "firebase-functions-test": "^0.2.0"
  },
  "private": true
}
[debug] [2020-04-17T20:33:33.798Z] Error: ENOENT: no such file or directory, stat 'functions\package.json'
    at Object.statSync (fs.js:932:3)
    at Object.load (C:\Users\Skadi\AppData\Roaming\npm\node_modules\firebase-tools\node_modules\cjson\index.js:200:12)
    at getRuntimeChoice (C:\Users\Skadi\AppData\Roaming\npm\node_modules\firebase-tools\lib\parseRuntimeAndValidateSDK.js:55:26)
    at module.exports (C:\Users\Skadi\AppData\Roaming\npm\node_modules\firebase-tools\lib\deploy\functions\prepare.js:26:29)
    at _chain (C:\Users\Skadi\AppData\Roaming\npm\node_modules\firebase-tools\lib\deploy\index.js:22:40)
    at C:\Users\Skadi\AppData\Roaming\npm\node_modules\firebase-tools\lib\deploy\index.js:63:16
    at processTicksAndRejections (internal/process/task_queues.js:97:5)
[error] 
[error] Error: An unexpected error has occurred.
